<?xml version="1.0" encoding="UTF-8"?>
<!-- Generated by org.testng.reporters.JUnitXMLReporter -->
<testsuite hostname="AMAC02W46BEHTD8" ignored="0" name="Default test" tests="1" failures="0" timestamp="20 May 2020 06:29:48 GMT" time="1.807" errors="0">
  <testcase name="@BeforeClass setupApplication" time="1.772" classname="com.main.utilty.BaseClass">
    <failure type="org.openqa.selenium.SessionNotCreatedException" message="session not created: This version of ChromeDriver only supports Chrome version 81
Build info: version: &amp;apos;3.14.0&amp;apos;, revision: &amp;apos;aacccce0&amp;apos;, time: &amp;apos;2018-08-02T20:19:58.91Z&amp;apos;
System info: host: &amp;apos;AMAC02W46BEHTD8&amp;apos;, ip: &amp;apos;fe80:0:0:0:1cd9:3364:da9:fd97%en0&amp;apos;, os.name: &amp;apos;Mac OS X&amp;apos;, os.arch: &amp;apos;x86_64&amp;apos;, os.version: &amp;apos;10.14.6&amp;apos;, java.version: &amp;apos;1.8.0_221&amp;apos;
Driver info: driver.version: ChromeDriver
remote stacktrace: 0   chromedriver                        0x0000000103e1f789 chromedriver + 4671369
1   chromedriver                        0x0000000103dba5d3 chromedriver + 4257235
2   chromedriver                        0x0000000103a6400f chromedriver + 757775
3   chromedriver                        0x00000001039c3fc9 chromedriver + 102345
4   chromedriver                        0x00000001039c01fc chromedriver + 86524
5   chromedriver                        0x00000001039ef403 chromedriver + 279555
6   chromedriver                        0x00000001039ec213 chromedriver + 266771
7   chromedriver                        0x00000001039c621d chromedriver + 111133
8   chromedriver                        0x00000001039c71c5 chromedriver + 115141
9   chromedriver                        0x0000000103de203f chromedriver + 4419647
10  chromedriver                        0x0000000103deecda chromedriver + 4472026
11  chromedriver                        0x0000000103deea77 chromedriver + 4471415
12  chromedriver                        0x0000000103dc6189 chromedriver + 4305289
13  chromedriver                        0x0000000103def587 chromedriver + 4474247
14  chromedriver                        0x0000000103dd7dc7 chromedriver + 4378055
15  chromedriver                        0x0000000103e057f4 chromedriver + 4564980
16  chromedriver                        0x0000000103e25717 chromedriver + 4695831
17  libsystem_pthread.dylib             0x00007fff7b2bc2eb _pthread_body + 126
18  libsystem_pthread.dylib             0x00007fff7b2bf249 _pthread_start + 66
19  libsystem_pthread.dylib             0x00007fff7b2bb40d thread_start + 13
">
      <![CDATA[org.openqa.selenium.SessionNotCreatedException: session not created: This version of ChromeDriver only supports Chrome version 81
Build info: version: '3.14.0', revision: 'aacccce0', time: '2018-08-02T20:19:58.91Z'
System info: host: 'AMAC02W46BEHTD8', ip: 'fe80:0:0:0:1cd9:3364:da9:fd97%en0', os.name: 'Mac OS X', os.arch: 'x86_64', os.version: '10.14.6', java.version: '1.8.0_221'
Driver info: driver.version: ChromeDriver
remote stacktrace: 0   chromedriver                        0x0000000103e1f789 chromedriver + 4671369
1   chromedriver                        0x0000000103dba5d3 chromedriver + 4257235
2   chromedriver                        0x0000000103a6400f chromedriver + 757775
3   chromedriver                        0x00000001039c3fc9 chromedriver + 102345
4   chromedriver                        0x00000001039c01fc chromedriver + 86524
5   chromedriver                        0x00000001039ef403 chromedriver + 279555
6   chromedriver                        0x00000001039ec213 chromedriver + 266771
7   chromedriver                        0x00000001039c621d chromedriver + 111133
8   chromedriver                        0x00000001039c71c5 chromedriver + 115141
9   chromedriver                        0x0000000103de203f chromedriver + 4419647
10  chromedriver                        0x0000000103deecda chromedriver + 4472026
11  chromedriver                        0x0000000103deea77 chromedriver + 4471415
12  chromedriver                        0x0000000103dc6189 chromedriver + 4305289
13  chromedriver                        0x0000000103def587 chromedriver + 4474247
14  chromedriver                        0x0000000103dd7dc7 chromedriver + 4378055
15  chromedriver                        0x0000000103e057f4 chromedriver + 4564980
16  chromedriver                        0x0000000103e25717 chromedriver + 4695831
17  libsystem_pthread.dylib             0x00007fff7b2bc2eb _pthread_body + 126
18  libsystem_pthread.dylib             0x00007fff7b2bf249 _pthread_start + 66
19  libsystem_pthread.dylib             0x00007fff7b2bb40d thread_start + 13

at sun.reflect.NativeConstructorAccessorImpl.newInstance0(Native Method)
at sun.reflect.NativeConstructorAccessorImpl.newInstance(NativeConstructorAccessorImpl.java:62)
at sun.reflect.DelegatingConstructorAccessorImpl.newInstance(DelegatingConstructorAccessorImpl.java:45)
at java.lang.reflect.Constructor.newInstance(Constructor.java:423)
at org.openqa.selenium.remote.W3CHandshakeResponse.lambda$new$0(W3CHandshakeResponse.java:57)
at org.openqa.selenium.remote.W3CHandshakeResponse.lambda$getResponseFunction$2(W3CHandshakeResponse.java:104)
at org.openqa.selenium.remote.ProtocolHandshake.lambda$createSession$0(ProtocolHandshake.java:122)
at java.util.stream.ReferencePipeline$3$1.accept(ReferencePipeline.java:193)
at java.util.Spliterators$ArraySpliterator.tryAdvance(Spliterators.java:958)
at java.util.stream.ReferencePipeline.forEachWithCancel(ReferencePipeline.java:126)
at java.util.stream.AbstractPipeline.copyIntoWithCancel(AbstractPipeline.java:499)
at java.util.stream.AbstractPipeline.copyInto(AbstractPipeline.java:486)
at java.util.stream.AbstractPipeline.wrapAndCopyInto(AbstractPipeline.java:472)
at java.util.stream.FindOps$FindOp.evaluateSequential(FindOps.java:152)
at java.util.stream.AbstractPipeline.evaluate(AbstractPipeline.java:234)
at java.util.stream.ReferencePipeline.findFirst(ReferencePipeline.java:464)
at org.openqa.selenium.remote.ProtocolHandshake.createSession(ProtocolHandshake.java:125)
at org.openqa.selenium.remote.ProtocolHandshake.createSession(ProtocolHandshake.java:73)
at org.openqa.selenium.remote.HttpCommandExecutor.execute(HttpCommandExecutor.java:136)
at org.openqa.selenium.remote.service.DriverCommandExecutor.execute(DriverCommandExecutor.java:83)
at org.openqa.selenium.remote.RemoteWebDriver.execute(RemoteWebDriver.java:548)
at org.openqa.selenium.remote.RemoteWebDriver.startSession(RemoteWebDriver.java:212)
at org.openqa.selenium.remote.RemoteWebDriver.<init>(RemoteWebDriver.java:130)
at org.openqa.selenium.chrome.ChromeDriver.<init>(ChromeDriver.java:181)
at org.openqa.selenium.chrome.ChromeDriver.<init>(ChromeDriver.java:168)
at org.openqa.selenium.chrome.ChromeDriver.<init>(ChromeDriver.java:123)
at com.common.pkg.CommonFunction.environment(CommonFunction.java:35)
at com.main.utilty.BaseClass.setupApplication(BaseClass.java:43)
at sun.reflect.NativeMethodAccessorImpl.invoke0(Native Method)
at sun.reflect.NativeMethodAccessorImpl.invoke(NativeMethodAccessorImpl.java:62)
at sun.reflect.DelegatingMethodAccessorImpl.invoke(DelegatingMethodAccessorImpl.java:43)
at java.lang.reflect.Method.invoke(Method.java:498)
at org.testng.internal.MethodInvocationHelper.invokeMethod(MethodInvocationHelper.java:124)
at org.testng.internal.MethodInvocationHelper.invokeMethodConsideringTimeout(MethodInvocationHelper.java:59)
at org.testng.internal.Invoker.invokeConfigurationMethod(Invoker.java:458)
at org.testng.internal.Invoker.invokeConfigurations(Invoker.java:222)
at org.testng.internal.Invoker.invokeConfigurations(Invoker.java:142)
at org.testng.internal.TestMethodWorker.invokeBeforeClassMethods(TestMethodWorker.java:168)
at org.testng.internal.TestMethodWorker.run(TestMethodWorker.java:105)
at org.testng.TestRunner.privateRun(TestRunner.java:648)
at org.testng.TestRunner.run(TestRunner.java:505)
at org.testng.SuiteRunner.runTest(SuiteRunner.java:455)
at org.testng.SuiteRunner.runSequentially(SuiteRunner.java:450)
at org.testng.SuiteRunner.privateRun(SuiteRunner.java:415)
at org.testng.SuiteRunner.run(SuiteRunner.java:364)
at org.testng.SuiteRunnerWorker.runSuite(SuiteRunnerWorker.java:52)
at org.testng.SuiteRunnerWorker.run(SuiteRunnerWorker.java:84)
at org.testng.TestNG.runSuitesSequentially(TestNG.java:1208)
at org.testng.TestNG.runSuitesLocally(TestNG.java:1137)
at org.testng.TestNG.runSuites(TestNG.java:1049)
at org.testng.TestNG.run(TestNG.java:1017)
at org.testng.remote.AbstractRemoteTestNG.run(AbstractRemoteTestNG.java:115)
at org.testng.remote.RemoteTestNG.initAndRun(RemoteTestNG.java:251)
at org.testng.remote.RemoteTestNG.main(RemoteTestNG.java:77)
]]>
    </failure>
  </testcase> <!-- @BeforeClass setupApplication -->
  <testcase name="@AfterMethod takeScreenshot" time="0.0" classname="com.main.utilty.BaseClass">
    <skipped/>
  </testcase> <!-- @AfterMethod takeScreenshot -->
  <testcase name="verifyUrl" time="0.0" classname="com.test.file.TestClass">
    <skipped/>
  </testcase> <!-- verifyUrl -->
</testsuite> <!-- Default test -->
