<?xml version="1.0" encoding="UTF-8"?>
<!-- Generated by org.testng.reporters.JUnitXMLReporter -->
<testsuite hostname="AMAC02W46BEHTD8" ignored="0" name="Sanity Suite Two" tests="1" failures="1" timestamp="13 May 2020 16:09:29 GMT" time="13.822" errors="0">
  <testcase name="verifyUrl" time="2.41" classname="com.test.file.TestClass">
    <failure type="java.lang.AssertionError" message="expected [None] but found [test]">
      <![CDATA[java.lang.AssertionError: expected [None] but found [test]
at com.test.file.TestClass.verifyUrl(TestClass.java:22)
... Removed 31 stack frames]]>
    </failure>
  </testcase> <!-- verifyUrl -->
</testsuite> <!-- Sanity Suite Two -->
